{"/Users/alex/Documents/Developing/Personal/dev_blog_2/jest/__fixtures__/all-markdown-remark.js": {"path":"/Users/alex/Documents/Developing/Personal/dev_blog_2/jest/__fixtures__/all-markdown-remark.js","statementMap":{"0":{"start":{"line":3,"column":0},"end":{"line":46,"column":2}}},"fnMap":{},"branchMap":{},"s":{"0":5},"f":{},"b":{},"_coverageSchema":"1a1c01bbd47fc00a2c39e90264f33305004495a9","hash":"98b99269a4ca76256d59306adf86d7b142e728f7"}
,"/Users/alex/Documents/Developing/Personal/dev_blog_2/jest/__fixtures__/markdown-remark.js": {"path":"/Users/alex/Documents/Developing/Personal/dev_blog_2/jest/__fixtures__/markdown-remark.js","statementMap":{"0":{"start":{"line":3,"column":0},"end":{"line":23,"column":2}}},"fnMap":{},"branchMap":{},"s":{"0":2},"f":{},"b":{},"_coverageSchema":"1a1c01bbd47fc00a2c39e90264f33305004495a9","hash":"5122bc1f7e16d4c5ff56f5c1f5ba2dc99fc5a6bf"}
,"/Users/alex/Documents/Developing/Personal/dev_blog_2/jest/__fixtures__/page-context.js": {"path":"/Users/alex/Documents/Developing/Personal/dev_blog_2/jest/__fixtures__/page-context.js","statementMap":{"0":{"start":{"line":3,"column":0},"end":{"line":13,"column":2}}},"fnMap":{},"branchMap":{},"s":{"0":3},"f":{},"b":{},"_coverageSchema":"1a1c01bbd47fc00a2c39e90264f33305004495a9","hash":"8ea3d65e60b1546d531c37744e344dc08810a790"}
,"/Users/alex/Documents/Developing/Personal/dev_blog_2/jest/__fixtures__/site-metadata.js": {"path":"/Users/alex/Documents/Developing/Personal/dev_blog_2/jest/__fixtures__/site-metadata.js","statementMap":{"0":{"start":{"line":3,"column":0},"end":{"line":41,"column":2}}},"fnMap":{},"branchMap":{},"s":{"0":13},"f":{},"b":{},"_coverageSchema":"1a1c01bbd47fc00a2c39e90264f33305004495a9","hash":"2b6e60cee3e30e3b34a0a26cbe4b24f264c3e302"}
,"/Users/alex/Documents/Developing/Personal/dev_blog_2/src/components/Feed/Feed.js": {"path":"/Users/alex/Documents/Developing/Personal/dev_blog_2/src/components/Feed/Feed.js","statementMap":{"0":{"start":{"line":12,"column":13},"end":{"line":33,"column":1}},"1":{"start":{"line":13,"column":2},"end":{"line":32,"column":8}},"2":{"start":{"line":15,"column":6},"end":{"line":30,"column":12}}},"fnMap":{"0":{"name":"(anonymous_0)","decl":{"start":{"line":12,"column":13},"end":{"line":12,"column":14}},"loc":{"start":{"line":13,"column":2},"end":{"line":32,"column":8}},"line":13},"1":{"name":"(anonymous_1)","decl":{"start":{"line":14,"column":15},"end":{"line":14,"column":16}},"loc":{"start":{"line":15,"column":6},"end":{"line":30,"column":12}},"line":15}},"branchMap":{},"s":{"0":4,"1":4,"2":8},"f":{"0":4,"1":8},"b":{},"_coverageSchema":"1a1c01bbd47fc00a2c39e90264f33305004495a9","hash":"f1098560ad80aab2bc2198d5f1a42bc6e0bd9d3d"}
,"/Users/alex/Documents/Developing/Personal/dev_blog_2/src/components/Feed/index.js": {"path":"/Users/alex/Documents/Developing/Personal/dev_blog_2/src/components/Feed/index.js","statementMap":{},"fnMap":{},"branchMap":{},"s":{},"f":{},"b":{},"_coverageSchema":"1a1c01bbd47fc00a2c39e90264f33305004495a9","hash":"4a7087cfa637a238a27e641481d778df9bf2b2fa"}
,"/Users/alex/Documents/Developing/Personal/dev_blog_2/src/components/Icon/Icon.js": {"path":"/Users/alex/Documents/Developing/Personal/dev_blog_2/src/components/Icon/Icon.js","statementMap":{"0":{"start":{"line":13,"column":13},"end":{"line":18,"column":1}},"1":{"start":{"line":14,"column":2},"end":{"line":17,"column":8}}},"fnMap":{"0":{"name":"(anonymous_0)","decl":{"start":{"line":13,"column":13},"end":{"line":13,"column":14}},"loc":{"start":{"line":14,"column":2},"end":{"line":17,"column":8}},"line":14}},"branchMap":{},"s":{"0":10,"1":55},"f":{"0":55},"b":{},"_coverageSchema":"1a1c01bbd47fc00a2c39e90264f33305004495a9","hash":"326ac7a6bcee7128bdb397d90844c850fb30057d"}
,"/Users/alex/Documents/Developing/Personal/dev_blog_2/src/components/Icon/index.js": {"path":"/Users/alex/Documents/Developing/Personal/dev_blog_2/src/components/Icon/index.js","statementMap":{},"fnMap":{},"branchMap":{},"s":{},"f":{},"b":{},"_coverageSchema":"1a1c01bbd47fc00a2c39e90264f33305004495a9","hash":"9699303b49867ae7e65bfd5959e4e148633c1411"}
,"/Users/alex/Documents/Developing/Personal/dev_blog_2/src/components/Layout/Layout.js": {"path":"/Users/alex/Documents/Developing/Personal/dev_blog_2/src/components/Layout/Layout.js","statementMap":{"0":{"start":{"line":16,"column":15},"end":{"line":42,"column":1}},"1":{"start":{"line":22,"column":26},"end":{"line":22,"column":43}},"2":{"start":{"line":23,"column":20},"end":{"line":23,"column":68}},"3":{"start":{"line":24,"column":23},"end":{"line":24,"column":50}},"4":{"start":{"line":26,"column":2},"end":{"line":41,"column":4}}},"fnMap":{"0":{"name":"(anonymous_0)","decl":{"start":{"line":16,"column":15},"end":{"line":16,"column":16}},"loc":{"start":{"line":21,"column":13},"end":{"line":42,"column":1}},"line":21}},"branchMap":{"0":{"loc":{"start":{"line":23,"column":20},"end":{"line":23,"column":68}},"type":"cond-expr","locations":[{"start":{"line":23,"column":42},"end":{"line":23,"column":53}},{"start":{"line":23,"column":56},"end":{"line":23,"column":68}}],"line":23}},"s":{"0":9,"1":9,"2":9,"3":9,"4":9},"f":{"0":9},"b":{"0":[0,9]},"_coverageSchema":"1a1c01bbd47fc00a2c39e90264f33305004495a9","hash":"a77072f264fb0648ec5bc4b95ac847c853024f3b"}
,"/Users/alex/Documents/Developing/Personal/dev_blog_2/src/components/Layout/index.js": {"path":"/Users/alex/Documents/Developing/Personal/dev_blog_2/src/components/Layout/index.js","statementMap":{},"fnMap":{},"branchMap":{},"s":{},"f":{},"b":{},"_coverageSchema":"1a1c01bbd47fc00a2c39e90264f33305004495a9","hash":"b56d8a3de0bae9fdea87c945d500f6bea95b6208"}
,"/Users/alex/Documents/Developing/Personal/dev_blog_2/src/components/Page/Page.js": {"path":"/Users/alex/Documents/Developing/Personal/dev_blog_2/src/components/Page/Page.js","statementMap":{"0":{"start":{"line":9,"column":13},"end":{"line":26,"column":1}},"1":{"start":{"line":10,"column":18},"end":{"line":10,"column":26}},"2":{"start":{"line":12,"column":2},"end":{"line":14,"column":5}},"3":{"start":{"line":13,"column":4},"end":{"line":13,"column":37}},"4":{"start":{"line":16,"column":2},"end":{"line":25,"column":4}}},"fnMap":{"0":{"name":"(anonymous_0)","decl":{"start":{"line":9,"column":13},"end":{"line":9,"column":14}},"loc":{"start":{"line":9,"column":45},"end":{"line":26,"column":1}},"line":9},"1":{"name":"(anonymous_1)","decl":{"start":{"line":12,"column":12},"end":{"line":12,"column":13}},"loc":{"start":{"line":12,"column":18},"end":{"line":14,"column":3}},"line":12}},"branchMap":{"0":{"loc":{"start":{"line":19,"column":10},"end":{"line":19,"column":69}},"type":"binary-expr","locations":[{"start":{"line":19,"column":10},"end":{"line":19,"column":15}},{"start":{"line":19,"column":19},"end":{"line":19,"column":69}}],"line":19}},"s":{"0":8,"1":8,"2":8,"3":0,"4":8},"f":{"0":8,"1":0},"b":{"0":[8,7]},"_coverageSchema":"1a1c01bbd47fc00a2c39e90264f33305004495a9","hash":"4581e2b233dc0b75e432503af500448c04ca8922"}
,"/Users/alex/Documents/Developing/Personal/dev_blog_2/src/components/Page/index.js": {"path":"/Users/alex/Documents/Developing/Personal/dev_blog_2/src/components/Page/index.js","statementMap":{},"fnMap":{},"branchMap":{},"s":{},"f":{},"b":{},"_coverageSchema":"1a1c01bbd47fc00a2c39e90264f33305004495a9","hash":"7e3e5cf745ab3e5151dbb7db0e92b30cdbcd8615"}
,"/Users/alex/Documents/Developing/Personal/dev_blog_2/src/components/Pagination/Pagination.js": {"path":"/Users/alex/Documents/Developing/Personal/dev_blog_2/src/components/Pagination/Pagination.js","statementMap":{"0":{"start":{"line":15,"column":11},"end":{"line":15,"column":34}},"1":{"start":{"line":17,"column":19},"end":{"line":43,"column":1}},"2":{"start":{"line":23,"column":24},"end":{"line":26,"column":4}},"3":{"start":{"line":28,"column":24},"end":{"line":31,"column":4}},"4":{"start":{"line":33,"column":2},"end":{"line":42,"column":4}}},"fnMap":{"0":{"name":"(anonymous_0)","decl":{"start":{"line":17,"column":19},"end":{"line":17,"column":20}},"loc":{"start":{"line":22,"column":13},"end":{"line":43,"column":1}},"line":22}},"branchMap":{"0":{"loc":{"start":{"line":36,"column":29},"end":{"line":36,"column":61}},"type":"cond-expr","locations":[{"start":{"line":36,"column":43},"end":{"line":36,"column":55}},{"start":{"line":36,"column":58},"end":{"line":36,"column":61}}],"line":36},"1":{"loc":{"start":{"line":39,"column":29},"end":{"line":39,"column":61}},"type":"cond-expr","locations":[{"start":{"line":39,"column":43},"end":{"line":39,"column":55}},{"start":{"line":39,"column":58},"end":{"line":39,"column":61}}],"line":39}},"s":{"0":4,"1":4,"2":4,"3":4,"4":4},"f":{"0":4},"b":{"0":[4,0],"1":[4,0]},"_coverageSchema":"1a1c01bbd47fc00a2c39e90264f33305004495a9","hash":"d443653fa0f9f194d4a5b6c48c6125a07d511b55"}
,"/Users/alex/Documents/Developing/Personal/dev_blog_2/src/components/Pagination/index.js": {"path":"/Users/alex/Documents/Developing/Personal/dev_blog_2/src/components/Pagination/index.js","statementMap":{},"fnMap":{},"branchMap":{},"s":{},"f":{},"b":{},"_coverageSchema":"1a1c01bbd47fc00a2c39e90264f33305004495a9","hash":"22908ff076a75e74b378c9e095cf553be7e24b39"}
,"/Users/alex/Documents/Developing/Personal/dev_blog_2/src/components/Post/Post.js": {"path":"/Users/alex/Documents/Developing/Personal/dev_blog_2/src/components/Post/Post.js","statementMap":{"0":{"start":{"line":16,"column":13},"end":{"line":40,"column":1}},"1":{"start":{"line":17,"column":19},"end":{"line":17,"column":23}},"2":{"start":{"line":18,"column":29},"end":{"line":18,"column":40}},"3":{"start":{"line":19,"column":32},"end":{"line":19,"column":48}},"4":{"start":{"line":21,"column":2},"end":{"line":39,"column":4}}},"fnMap":{"0":{"name":"(anonymous_0)","decl":{"start":{"line":16,"column":13},"end":{"line":16,"column":14}},"loc":{"start":{"line":16,"column":34},"end":{"line":40,"column":1}},"line":16}},"branchMap":{"0":{"loc":{"start":{"line":31,"column":9},"end":{"line":31,"column":69}},"type":"binary-expr","locations":[{"start":{"line":31,"column":9},"end":{"line":31,"column":13}},{"start":{"line":31,"column":17},"end":{"line":31,"column":25}},{"start":{"line":31,"column":29},"end":{"line":31,"column":69}}],"line":31}},"s":{"0":2,"1":2,"2":2,"3":2,"4":2},"f":{"0":2},"b":{"0":[2,2,2]},"_coverageSchema":"1a1c01bbd47fc00a2c39e90264f33305004495a9","hash":"6ecf0b2c7d09b802a4a5b7c179d0f1efc4cd087a"}
,"/Users/alex/Documents/Developing/Personal/dev_blog_2/src/components/Post/index.js": {"path":"/Users/alex/Documents/Developing/Personal/dev_blog_2/src/components/Post/index.js","statementMap":{},"fnMap":{},"branchMap":{},"s":{},"f":{},"b":{},"_coverageSchema":"1a1c01bbd47fc00a2c39e90264f33305004495a9","hash":"6adf6c978835df1af3135c5a33532c2804843bd7"}
,"/Users/alex/Documents/Developing/Personal/dev_blog_2/src/components/Post/Author/Author.js": {"path":"/Users/alex/Documents/Developing/Personal/dev_blog_2/src/components/Post/Author/Author.js","statementMap":{"0":{"start":{"line":7,"column":15},"end":{"line":25,"column":1}},"1":{"start":{"line":8,"column":21},"end":{"line":8,"column":38}},"2":{"start":{"line":10,"column":2},"end":{"line":24,"column":4}}},"fnMap":{"0":{"name":"(anonymous_0)","decl":{"start":{"line":7,"column":15},"end":{"line":7,"column":16}},"loc":{"start":{"line":7,"column":21},"end":{"line":25,"column":1}},"line":7}},"branchMap":{},"s":{"0":3,"1":3,"2":3},"f":{"0":3},"b":{},"_coverageSchema":"1a1c01bbd47fc00a2c39e90264f33305004495a9","hash":"04eb026020ecd93b2984ad99bb191a9fa4eaee18"}
,"/Users/alex/Documents/Developing/Personal/dev_blog_2/src/components/Post/Author/index.js": {"path":"/Users/alex/Documents/Developing/Personal/dev_blog_2/src/components/Post/Author/index.js","statementMap":{},"fnMap":{},"branchMap":{},"s":{},"f":{},"b":{},"_coverageSchema":"1a1c01bbd47fc00a2c39e90264f33305004495a9","hash":"1654d2c39477f4599927ba195147dbe321b6bd73"}
,"/Users/alex/Documents/Developing/Personal/dev_blog_2/src/components/Post/Comments/Comments.js": {"path":"/Users/alex/Documents/Developing/Personal/dev_blog_2/src/components/Post/Comments/Comments.js","statementMap":{"0":{"start":{"line":11,"column":17},"end":{"line":26,"column":1}},"1":{"start":{"line":12,"column":35},"end":{"line":12,"column":52}},"2":{"start":{"line":14,"column":2},"end":{"line":16,"column":3}},"3":{"start":{"line":15,"column":4},"end":{"line":15,"column":16}},"4":{"start":{"line":18,"column":2},"end":{"line":25,"column":4}}},"fnMap":{"0":{"name":"(anonymous_0)","decl":{"start":{"line":11,"column":17},"end":{"line":11,"column":18}},"loc":{"start":{"line":11,"column":53},"end":{"line":26,"column":1}},"line":11}},"branchMap":{"0":{"loc":{"start":{"line":14,"column":2},"end":{"line":16,"column":3}},"type":"if","locations":[{"start":{"line":14,"column":2},"end":{"line":16,"column":3}},{"start":{"line":14,"column":2},"end":{"line":16,"column":3}}],"line":14}},"s":{"0":3,"1":3,"2":3,"3":3,"4":0},"f":{"0":3},"b":{"0":[3,0]},"_coverageSchema":"1a1c01bbd47fc00a2c39e90264f33305004495a9","hash":"9763feaaaf3abd8d34b7fae3167a4db090787fd5"}
,"/Users/alex/Documents/Developing/Personal/dev_blog_2/src/components/Post/Comments/index.js": {"path":"/Users/alex/Documents/Developing/Personal/dev_blog_2/src/components/Post/Comments/index.js","statementMap":{},"fnMap":{},"branchMap":{},"s":{},"f":{},"b":{},"_coverageSchema":"1a1c01bbd47fc00a2c39e90264f33305004495a9","hash":"c3c3a5d24f3baf3e1f58ebf57f904fcd0268be7e"}
,"/Users/alex/Documents/Developing/Personal/dev_blog_2/src/components/Post/Content/Content.js": {"path":"/Users/alex/Documents/Developing/Personal/dev_blog_2/src/components/Post/Content/Content.js","statementMap":{"0":{"start":{"line":10,"column":16},"end":{"line":15,"column":1}},"1":{"start":{"line":11,"column":2},"end":{"line":14,"column":8}}},"fnMap":{"0":{"name":"(anonymous_0)","decl":{"start":{"line":10,"column":16},"end":{"line":10,"column":17}},"loc":{"start":{"line":11,"column":2},"end":{"line":14,"column":8}},"line":11}},"branchMap":{},"s":{"0":3,"1":3},"f":{"0":3},"b":{},"_coverageSchema":"1a1c01bbd47fc00a2c39e90264f33305004495a9","hash":"4d39ddd8a7d46b12bbd06d4c231890e7778a6083"}
,"/Users/alex/Documents/Developing/Personal/dev_blog_2/src/components/Post/Content/index.js": {"path":"/Users/alex/Documents/Developing/Personal/dev_blog_2/src/components/Post/Content/index.js","statementMap":{},"fnMap":{},"branchMap":{},"s":{},"f":{},"b":{},"_coverageSchema":"1a1c01bbd47fc00a2c39e90264f33305004495a9","hash":"37487ad7446d835af253590b7f548599059ec2d6"}
,"/Users/alex/Documents/Developing/Personal/dev_blog_2/src/components/Post/Meta/Meta.js": {"path":"/Users/alex/Documents/Developing/Personal/dev_blog_2/src/components/Post/Meta/Meta.js","statementMap":{"0":{"start":{"line":10,"column":13},"end":{"line":14,"column":1}},"1":{"start":{"line":11,"column":2},"end":{"line":13,"column":8}}},"fnMap":{"0":{"name":"(anonymous_0)","decl":{"start":{"line":10,"column":13},"end":{"line":10,"column":14}},"loc":{"start":{"line":11,"column":2},"end":{"line":13,"column":8}},"line":11}},"branchMap":{},"s":{"0":3,"1":3},"f":{"0":3},"b":{},"_coverageSchema":"1a1c01bbd47fc00a2c39e90264f33305004495a9","hash":"96c0aa25d9c97331059e7c347f52766d2908a759"}
,"/Users/alex/Documents/Developing/Personal/dev_blog_2/src/components/Post/Meta/index.js": {"path":"/Users/alex/Documents/Developing/Personal/dev_blog_2/src/components/Post/Meta/index.js","statementMap":{},"fnMap":{},"branchMap":{},"s":{},"f":{},"b":{},"_coverageSchema":"1a1c01bbd47fc00a2c39e90264f33305004495a9","hash":"12ec627fd5747902266d52d41a501bb106812c6f"}
,"/Users/alex/Documents/Developing/Personal/dev_blog_2/src/components/Post/Tags/Tags.js": {"path":"/Users/alex/Documents/Developing/Personal/dev_blog_2/src/components/Post/Tags/Tags.js","statementMap":{"0":{"start":{"line":11,"column":13},"end":{"line":23,"column":1}},"1":{"start":{"line":12,"column":2},"end":{"line":22,"column":8}},"2":{"start":{"line":15,"column":8},"end":{"line":19,"column":13}}},"fnMap":{"0":{"name":"(anonymous_0)","decl":{"start":{"line":11,"column":13},"end":{"line":11,"column":14}},"loc":{"start":{"line":12,"column":2},"end":{"line":22,"column":8}},"line":12},"1":{"name":"(anonymous_1)","decl":{"start":{"line":14,"column":32},"end":{"line":14,"column":33}},"loc":{"start":{"line":15,"column":8},"end":{"line":19,"column":13}},"line":15}},"branchMap":{"0":{"loc":{"start":{"line":14,"column":7},"end":{"line":20,"column":8}},"type":"binary-expr","locations":[{"start":{"line":14,"column":7},"end":{"line":14,"column":15}},{"start":{"line":14,"column":19},"end":{"line":20,"column":8}}],"line":14}},"s":{"0":3,"1":3,"2":6},"f":{"0":3,"1":6},"b":{"0":[3,3]},"_coverageSchema":"1a1c01bbd47fc00a2c39e90264f33305004495a9","hash":"91095cd5421107607794464094a27997da78edfd"}
,"/Users/alex/Documents/Developing/Personal/dev_blog_2/src/components/Post/Tags/index.js": {"path":"/Users/alex/Documents/Developing/Personal/dev_blog_2/src/components/Post/Tags/index.js","statementMap":{},"fnMap":{},"branchMap":{},"s":{},"f":{},"b":{},"_coverageSchema":"1a1c01bbd47fc00a2c39e90264f33305004495a9","hash":"efa179deedc76030b8987cdf9ae94c80a27e62bb"}
,"/Users/alex/Documents/Developing/Personal/dev_blog_2/src/components/Sidebar/Sidebar.js": {"path":"/Users/alex/Documents/Developing/Personal/dev_blog_2/src/components/Sidebar/Sidebar.js","statementMap":{"0":{"start":{"line":14,"column":16},"end":{"line":31,"column":1}},"1":{"start":{"line":15,"column":38},"end":{"line":15,"column":55}},"2":{"start":{"line":17,"column":2},"end":{"line":30,"column":4}}},"fnMap":{"0":{"name":"(anonymous_0)","decl":{"start":{"line":14,"column":16},"end":{"line":14,"column":17}},"loc":{"start":{"line":14,"column":40},"end":{"line":31,"column":1}},"line":14}},"branchMap":{},"s":{"0":8,"1":8,"2":8},"f":{"0":8},"b":{},"_coverageSchema":"1a1c01bbd47fc00a2c39e90264f33305004495a9","hash":"52d0adebbfabf0454a437832f115dd99600aaa90"}
,"/Users/alex/Documents/Developing/Personal/dev_blog_2/src/components/Sidebar/index.js": {"path":"/Users/alex/Documents/Developing/Personal/dev_blog_2/src/components/Sidebar/index.js","statementMap":{},"fnMap":{},"branchMap":{},"s":{},"f":{},"b":{},"_coverageSchema":"1a1c01bbd47fc00a2c39e90264f33305004495a9","hash":"f2d5393a6d09bb98f7f5fe27e26e11a138c25aeb"}
,"/Users/alex/Documents/Developing/Personal/dev_blog_2/src/components/Sidebar/Author/Author.js": {"path":"/Users/alex/Documents/Developing/Personal/dev_blog_2/src/components/Sidebar/Author/Author.js","statementMap":{"0":{"start":{"line":15,"column":15},"end":{"line":38,"column":1}},"1":{"start":{"line":16,"column":2},"end":{"line":37,"column":8}}},"fnMap":{"0":{"name":"(anonymous_0)","decl":{"start":{"line":15,"column":15},"end":{"line":15,"column":16}},"loc":{"start":{"line":16,"column":2},"end":{"line":37,"column":8}},"line":16}},"branchMap":{"0":{"loc":{"start":{"line":27,"column":6},"end":{"line":35,"column":5}},"type":"cond-expr","locations":[{"start":{"line":28,"column":6},"end":{"line":30,"column":11}},{"start":{"line":32,"column":6},"end":{"line":34,"column":11}}],"line":27}},"s":{"0":9,"1":9},"f":{"0":9},"b":{"0":[2,7]},"_coverageSchema":"1a1c01bbd47fc00a2c39e90264f33305004495a9","hash":"f632d38ae1f10ca814ec395d0b5c92ee94ab3b44"}
,"/Users/alex/Documents/Developing/Personal/dev_blog_2/src/components/Sidebar/Author/index.js": {"path":"/Users/alex/Documents/Developing/Personal/dev_blog_2/src/components/Sidebar/Author/index.js","statementMap":{},"fnMap":{},"branchMap":{},"s":{},"f":{},"b":{},"_coverageSchema":"1a1c01bbd47fc00a2c39e90264f33305004495a9","hash":"930438bedb9f5980e466e2b4b7dc21e94cd678a9"}
,"/Users/alex/Documents/Developing/Personal/dev_blog_2/src/components/Sidebar/Contacts/Contacts.js": {"path":"/Users/alex/Documents/Developing/Personal/dev_blog_2/src/components/Sidebar/Contacts/Contacts.js","statementMap":{"0":{"start":{"line":13,"column":17},"end":{"line":30,"column":1}},"1":{"start":{"line":14,"column":2},"end":{"line":29,"column":8}},"2":{"start":{"line":16,"column":44},"end":{"line":27,"column":7}}},"fnMap":{"0":{"name":"(anonymous_0)","decl":{"start":{"line":13,"column":17},"end":{"line":13,"column":18}},"loc":{"start":{"line":14,"column":2},"end":{"line":29,"column":8}},"line":14},"1":{"name":"(anonymous_1)","decl":{"start":{"line":16,"column":33},"end":{"line":16,"column":34}},"loc":{"start":{"line":16,"column":44},"end":{"line":27,"column":7}},"line":16}},"branchMap":{"0":{"loc":{"start":{"line":16,"column":44},"end":{"line":27,"column":7}},"type":"cond-expr","locations":[{"start":{"line":16,"column":62},"end":{"line":16,"column":66}},{"start":{"line":17,"column":8},"end":{"line":26,"column":13}}],"line":16}},"s":{"0":9,"1":9,"2":54},"f":{"0":9,"1":54},"b":{"0":[0,54]},"_coverageSchema":"1a1c01bbd47fc00a2c39e90264f33305004495a9","hash":"ff6e688c30b82c273e45990aa7a577ad761c3f49"}
,"/Users/alex/Documents/Developing/Personal/dev_blog_2/src/components/Sidebar/Contacts/index.js": {"path":"/Users/alex/Documents/Developing/Personal/dev_blog_2/src/components/Sidebar/Contacts/index.js","statementMap":{},"fnMap":{},"branchMap":{},"s":{},"f":{},"b":{},"_coverageSchema":"1a1c01bbd47fc00a2c39e90264f33305004495a9","hash":"eef777231614c1b056e165c0f9d04ad58d8c8397"}
,"/Users/alex/Documents/Developing/Personal/dev_blog_2/src/components/Sidebar/Copyright/Copyright.js": {"path":"/Users/alex/Documents/Developing/Personal/dev_blog_2/src/components/Sidebar/Copyright/Copyright.js","statementMap":{"0":{"start":{"line":9,"column":18},"end":{"line":13,"column":1}},"1":{"start":{"line":10,"column":2},"end":{"line":12,"column":8}}},"fnMap":{"0":{"name":"(anonymous_0)","decl":{"start":{"line":9,"column":18},"end":{"line":9,"column":19}},"loc":{"start":{"line":10,"column":2},"end":{"line":12,"column":8}},"line":10}},"branchMap":{},"s":{"0":9,"1":9},"f":{"0":9},"b":{},"_coverageSchema":"1a1c01bbd47fc00a2c39e90264f33305004495a9","hash":"d4ec667d2907c3f99a6cd988f661c20ca7ac2dad"}
,"/Users/alex/Documents/Developing/Personal/dev_blog_2/src/components/Sidebar/Copyright/index.js": {"path":"/Users/alex/Documents/Developing/Personal/dev_blog_2/src/components/Sidebar/Copyright/index.js","statementMap":{},"fnMap":{},"branchMap":{},"s":{},"f":{},"b":{},"_coverageSchema":"1a1c01bbd47fc00a2c39e90264f33305004495a9","hash":"c9cad5a834a6ef11571f20fa5ff9d3bae9774ac0"}
,"/Users/alex/Documents/Developing/Personal/dev_blog_2/src/components/Sidebar/Menu/Menu.js": {"path":"/Users/alex/Documents/Developing/Personal/dev_blog_2/src/components/Sidebar/Menu/Menu.js","statementMap":{"0":{"start":{"line":13,"column":13},"end":{"line":29,"column":1}},"1":{"start":{"line":14,"column":2},"end":{"line":28,"column":8}},"2":{"start":{"line":17,"column":8},"end":{"line":25,"column":13}}},"fnMap":{"0":{"name":"(anonymous_0)","decl":{"start":{"line":13,"column":13},"end":{"line":13,"column":14}},"loc":{"start":{"line":14,"column":2},"end":{"line":28,"column":8}},"line":14},"1":{"name":"(anonymous_1)","decl":{"start":{"line":16,"column":16},"end":{"line":16,"column":17}},"loc":{"start":{"line":17,"column":8},"end":{"line":25,"column":13}},"line":17}},"branchMap":{},"s":{"0":9,"1":9,"2":26},"f":{"0":9,"1":26},"b":{},"_coverageSchema":"1a1c01bbd47fc00a2c39e90264f33305004495a9","hash":"2f6433c37d915f4ffa8818062f724f7d1b4d07a7"}
,"/Users/alex/Documents/Developing/Personal/dev_blog_2/src/components/Sidebar/Menu/index.js": {"path":"/Users/alex/Documents/Developing/Personal/dev_blog_2/src/components/Sidebar/Menu/index.js","statementMap":{},"fnMap":{},"branchMap":{},"s":{},"f":{},"b":{},"_coverageSchema":"1a1c01bbd47fc00a2c39e90264f33305004495a9","hash":"06ff50efe3e948e7b7868e262540710c3fa75633"}
,"/Users/alex/Documents/Developing/Personal/dev_blog_2/src/constants/icons.js": {"path":"/Users/alex/Documents/Developing/Personal/dev_blog_2/src/constants/icons.js","statementMap":{"0":{"start":{"line":2,"column":14},"end":{"line":63,"column":1}}},"fnMap":{},"branchMap":{},"s":{"0":14},"f":{},"b":{},"_coverageSchema":"1a1c01bbd47fc00a2c39e90264f33305004495a9","hash":"5a211a8abe3464e5aceeab680d046d3cec0fd23b"}
,"/Users/alex/Documents/Developing/Personal/dev_blog_2/src/constants/index.js": {"path":"/Users/alex/Documents/Developing/Personal/dev_blog_2/src/constants/index.js","statementMap":{},"fnMap":{},"branchMap":{},"s":{},"f":{},"b":{},"_coverageSchema":"1a1c01bbd47fc00a2c39e90264f33305004495a9","hash":"7d7463e0c538a588d454ab75335c24f71806e1b8"}
,"/Users/alex/Documents/Developing/Personal/dev_blog_2/src/constants/pagination.js": {"path":"/Users/alex/Documents/Developing/Personal/dev_blog_2/src/constants/pagination.js","statementMap":{"0":{"start":{"line":2,"column":19},"end":{"line":5,"column":1}}},"fnMap":{},"branchMap":{},"s":{"0":14},"f":{},"b":{},"_coverageSchema":"1a1c01bbd47fc00a2c39e90264f33305004495a9","hash":"170781a305e0c1e3f14ea9272ea34cd5b8ef3b41"}
,"/Users/alex/Documents/Developing/Personal/dev_blog_2/src/hooks/index.js": {"path":"/Users/alex/Documents/Developing/Personal/dev_blog_2/src/hooks/index.js","statementMap":{},"fnMap":{},"branchMap":{},"s":{},"f":{},"b":{},"_coverageSchema":"1a1c01bbd47fc00a2c39e90264f33305004495a9","hash":"8f427f020a258ec13726018d04cd3c3643230cc6"}
,"/Users/alex/Documents/Developing/Personal/dev_blog_2/src/hooks/use-categories-list.js": {"path":"/Users/alex/Documents/Developing/Personal/dev_blog_2/src/hooks/use-categories-list.js","statementMap":{"0":{"start":{"line":4,"column":26},"end":{"line":21,"column":1}},"1":{"start":{"line":5,"column":32},"end":{"line":18,"column":3}},"2":{"start":{"line":20,"column":2},"end":{"line":20,"column":33}}},"fnMap":{"0":{"name":"(anonymous_0)","decl":{"start":{"line":4,"column":26},"end":{"line":4,"column":27}},"loc":{"start":{"line":4,"column":32},"end":{"line":21,"column":1}},"line":4}},"branchMap":{},"s":{"0":13,"1":1,"2":1},"f":{"0":1},"b":{},"_coverageSchema":"1a1c01bbd47fc00a2c39e90264f33305004495a9","hash":"4d1f1cca877ad4c4ad000b6f392879677a4e5966"}
,"/Users/alex/Documents/Developing/Personal/dev_blog_2/src/hooks/use-site-metadata.js": {"path":"/Users/alex/Documents/Developing/Personal/dev_blog_2/src/hooks/use-site-metadata.js","statementMap":{"0":{"start":{"line":4,"column":24},"end":{"line":36,"column":1}},"1":{"start":{"line":5,"column":19},"end":{"line":33,"column":3}},"2":{"start":{"line":35,"column":2},"end":{"line":35,"column":27}}},"fnMap":{"0":{"name":"(anonymous_0)","decl":{"start":{"line":4,"column":24},"end":{"line":4,"column":25}},"loc":{"start":{"line":4,"column":30},"end":{"line":36,"column":1}},"line":4}},"branchMap":{},"s":{"0":13,"1":31,"2":31},"f":{"0":31},"b":{},"_coverageSchema":"1a1c01bbd47fc00a2c39e90264f33305004495a9","hash":"0bbc86acda3f97d5d5c7d36e4f5f9c7909dfcc48"}
,"/Users/alex/Documents/Developing/Personal/dev_blog_2/src/hooks/use-tags-list.js": {"path":"/Users/alex/Documents/Developing/Personal/dev_blog_2/src/hooks/use-tags-list.js","statementMap":{"0":{"start":{"line":4,"column":20},"end":{"line":21,"column":1}},"1":{"start":{"line":5,"column":32},"end":{"line":18,"column":3}},"2":{"start":{"line":20,"column":2},"end":{"line":20,"column":33}}},"fnMap":{"0":{"name":"(anonymous_0)","decl":{"start":{"line":4,"column":20},"end":{"line":4,"column":21}},"loc":{"start":{"line":4,"column":26},"end":{"line":21,"column":1}},"line":4}},"branchMap":{},"s":{"0":13,"1":1,"2":1},"f":{"0":1},"b":{},"_coverageSchema":"1a1c01bbd47fc00a2c39e90264f33305004495a9","hash":"1992ff85c52b6aa1d9ba3174cc499a9dd024f150"}
,"/Users/alex/Documents/Developing/Personal/dev_blog_2/src/templates/categories-list-template.js": {"path":"/Users/alex/Documents/Developing/Personal/dev_blog_2/src/templates/categories-list-template.js","statementMap":{"0":{"start":{"line":10,"column":31},"end":{"line":30,"column":1}},"1":{"start":{"line":11,"column":30},"end":{"line":11,"column":47}},"2":{"start":{"line":12,"column":21},"end":{"line":12,"column":40}},"3":{"start":{"line":14,"column":2},"end":{"line":29,"column":4}},"4":{"start":{"line":20,"column":12},"end":{"line":24,"column":17}}},"fnMap":{"0":{"name":"(anonymous_0)","decl":{"start":{"line":10,"column":31},"end":{"line":10,"column":32}},"loc":{"start":{"line":10,"column":37},"end":{"line":30,"column":1}},"line":10},"1":{"name":"(anonymous_1)","decl":{"start":{"line":19,"column":26},"end":{"line":19,"column":27}},"loc":{"start":{"line":20,"column":12},"end":{"line":24,"column":17}},"line":20}},"branchMap":{},"s":{"0":1,"1":1,"2":1,"3":1,"4":2},"f":{"0":1,"1":2},"b":{},"_coverageSchema":"1a1c01bbd47fc00a2c39e90264f33305004495a9","hash":"95924725b9628b3c75be3ddf87440b289466e7ad"}
,"/Users/alex/Documents/Developing/Personal/dev_blog_2/src/templates/category-template.js": {"path":"/Users/alex/Documents/Developing/Personal/dev_blog_2/src/templates/category-template.js","statementMap":{"0":{"start":{"line":17,"column":25},"end":{"line":46,"column":1}},"1":{"start":{"line":18,"column":55},"end":{"line":18,"column":72}},"2":{"start":{"line":27,"column":6},"end":{"line":27,"column":17}},"3":{"start":{"line":29,"column":20},"end":{"line":29,"column":42}},"4":{"start":{"line":30,"column":20},"end":{"line":30,"column":119}},"5":{"start":{"line":32,"column":2},"end":{"line":45,"column":4}},"6":{"start":{"line":48,"column":21},"end":{"line":72,"column":1}}},"fnMap":{"0":{"name":"(anonymous_0)","decl":{"start":{"line":17,"column":25},"end":{"line":17,"column":26}},"loc":{"start":{"line":17,"column":59},"end":{"line":46,"column":1}},"line":17}},"branchMap":{"0":{"loc":{"start":{"line":30,"column":20},"end":{"line":30,"column":119}},"type":"cond-expr","locations":[{"start":{"line":30,"column":38},"end":{"line":30,"column":88}},{"start":{"line":30,"column":91},"end":{"line":30,"column":119}}],"line":30}},"s":{"0":1,"1":1,"2":1,"3":1,"4":1,"5":1,"6":1},"f":{"0":1},"b":{"0":[1,0]},"_coverageSchema":"1a1c01bbd47fc00a2c39e90264f33305004495a9","hash":"5168df216cebc8ff1dc0d14e87cce0c33db0eaa2"}
,"/Users/alex/Documents/Developing/Personal/dev_blog_2/src/templates/index-template.js": {"path":"/Users/alex/Documents/Developing/Personal/dev_blog_2/src/templates/index-template.js","statementMap":{"0":{"start":{"line":17,"column":22},"end":{"line":45,"column":1}},"1":{"start":{"line":18,"column":55},"end":{"line":18,"column":72}},"2":{"start":{"line":26,"column":6},"end":{"line":26,"column":17}},"3":{"start":{"line":28,"column":20},"end":{"line":28,"column":42}},"4":{"start":{"line":29,"column":20},"end":{"line":29,"column":94}},"5":{"start":{"line":31,"column":2},"end":{"line":44,"column":4}},"6":{"start":{"line":47,"column":21},"end":{"line":71,"column":1}}},"fnMap":{"0":{"name":"(anonymous_0)","decl":{"start":{"line":17,"column":22},"end":{"line":17,"column":23}},"loc":{"start":{"line":17,"column":56},"end":{"line":45,"column":1}},"line":17}},"branchMap":{"0":{"loc":{"start":{"line":29,"column":20},"end":{"line":29,"column":94}},"type":"cond-expr","locations":[{"start":{"line":29,"column":38},"end":{"line":29,"column":82}},{"start":{"line":29,"column":85},"end":{"line":29,"column":94}}],"line":29}},"s":{"0":1,"1":1,"2":1,"3":1,"4":1,"5":1,"6":1},"f":{"0":1},"b":{"0":[1,0]},"_coverageSchema":"1a1c01bbd47fc00a2c39e90264f33305004495a9","hash":"2edb843c50c04f3a23f048293d6b2db1a13e9e55"}
,"/Users/alex/Documents/Developing/Personal/dev_blog_2/src/templates/not-found-template.js": {"path":"/Users/alex/Documents/Developing/Personal/dev_blog_2/src/templates/not-found-template.js","statementMap":{"0":{"start":{"line":8,"column":25},"end":{"line":19,"column":1}},"1":{"start":{"line":9,"column":30},"end":{"line":9,"column":47}},"2":{"start":{"line":11,"column":2},"end":{"line":18,"column":4}}},"fnMap":{"0":{"name":"(anonymous_0)","decl":{"start":{"line":8,"column":25},"end":{"line":8,"column":26}},"loc":{"start":{"line":8,"column":31},"end":{"line":19,"column":1}},"line":8}},"branchMap":{},"s":{"0":1,"1":1,"2":1},"f":{"0":1},"b":{},"_coverageSchema":"1a1c01bbd47fc00a2c39e90264f33305004495a9","hash":"8c5ba5b7055b80c3fbe40df43138528eb93a00f5"}
,"/Users/alex/Documents/Developing/Personal/dev_blog_2/src/templates/page-template.js": {"path":"/Users/alex/Documents/Developing/Personal/dev_blog_2/src/templates/page-template.js","statementMap":{"0":{"start":{"line":16,"column":21},"end":{"line":31,"column":1}},"1":{"start":{"line":17,"column":55},"end":{"line":17,"column":72}},"2":{"start":{"line":18,"column":29},"end":{"line":18,"column":48}},"3":{"start":{"line":19,"column":26},"end":{"line":19,"column":45}},"4":{"start":{"line":20,"column":74},"end":{"line":20,"column":85}},"5":{"start":{"line":21,"column":26},"end":{"line":21,"column":83}},"6":{"start":{"line":23,"column":2},"end":{"line":30,"column":4}},"7":{"start":{"line":33,"column":21},"end":{"line":46,"column":1}}},"fnMap":{"0":{"name":"(anonymous_0)","decl":{"start":{"line":16,"column":21},"end":{"line":16,"column":22}},"loc":{"start":{"line":16,"column":42},"end":{"line":31,"column":1}},"line":16}},"branchMap":{"0":{"loc":{"start":{"line":21,"column":26},"end":{"line":21,"column":83}},"type":"cond-expr","locations":[{"start":{"line":21,"column":53},"end":{"line":21,"column":68}},{"start":{"line":21,"column":71},"end":{"line":21,"column":83}}],"line":21}},"s":{"0":1,"1":1,"2":1,"3":1,"4":1,"5":1,"6":1,"7":1},"f":{"0":1},"b":{"0":[1,0]},"_coverageSchema":"1a1c01bbd47fc00a2c39e90264f33305004495a9","hash":"a0b6c7f5e9d9828740273ac1f8922bf4f9a1c939"}
,"/Users/alex/Documents/Developing/Personal/dev_blog_2/src/templates/post-template.js": {"path":"/Users/alex/Documents/Developing/Personal/dev_blog_2/src/templates/post-template.js","statementMap":{"0":{"start":{"line":15,"column":21},"end":{"line":26,"column":1}},"1":{"start":{"line":16,"column":55},"end":{"line":16,"column":72}},"2":{"start":{"line":17,"column":26},"end":{"line":17,"column":45}},"3":{"start":{"line":18,"column":74},"end":{"line":18,"column":85}},"4":{"start":{"line":19,"column":26},"end":{"line":19,"column":83}},"5":{"start":{"line":21,"column":2},"end":{"line":25,"column":4}},"6":{"start":{"line":28,"column":21},"end":{"line":46,"column":1}}},"fnMap":{"0":{"name":"(anonymous_0)","decl":{"start":{"line":15,"column":21},"end":{"line":15,"column":22}},"loc":{"start":{"line":15,"column":42},"end":{"line":26,"column":1}},"line":15}},"branchMap":{"0":{"loc":{"start":{"line":19,"column":26},"end":{"line":19,"column":83}},"type":"cond-expr","locations":[{"start":{"line":19,"column":53},"end":{"line":19,"column":68}},{"start":{"line":19,"column":71},"end":{"line":19,"column":83}}],"line":19}},"s":{"0":1,"1":1,"2":1,"3":1,"4":1,"5":1,"6":1},"f":{"0":1},"b":{"0":[1,0]},"_coverageSchema":"1a1c01bbd47fc00a2c39e90264f33305004495a9","hash":"57ddffdac5913bd2acc7d2f7a8274db1e51276ce"}
,"/Users/alex/Documents/Developing/Personal/dev_blog_2/src/templates/tag-template.js": {"path":"/Users/alex/Documents/Developing/Personal/dev_blog_2/src/templates/tag-template.js","statementMap":{"0":{"start":{"line":17,"column":20},"end":{"line":46,"column":1}},"1":{"start":{"line":18,"column":55},"end":{"line":18,"column":72}},"2":{"start":{"line":27,"column":6},"end":{"line":27,"column":17}},"3":{"start":{"line":29,"column":20},"end":{"line":29,"column":42}},"4":{"start":{"line":30,"column":20},"end":{"line":30,"column":153}},"5":{"start":{"line":32,"column":2},"end":{"line":45,"column":4}},"6":{"start":{"line":48,"column":21},"end":{"line":78,"column":1}}},"fnMap":{"0":{"name":"(anonymous_0)","decl":{"start":{"line":17,"column":20},"end":{"line":17,"column":21}},"loc":{"start":{"line":17,"column":54},"end":{"line":46,"column":1}},"line":17}},"branchMap":{"0":{"loc":{"start":{"line":30,"column":20},"end":{"line":30,"column":153}},"type":"cond-expr","locations":[{"start":{"line":30,"column":38},"end":{"line":30,"column":105}},{"start":{"line":30,"column":108},"end":{"line":30,"column":153}}],"line":30}},"s":{"0":1,"1":1,"2":1,"3":1,"4":1,"5":1,"6":1},"f":{"0":1},"b":{"0":[1,0]},"_coverageSchema":"1a1c01bbd47fc00a2c39e90264f33305004495a9","hash":"3a194926747841f87d6caa4e5e5de6e3891423c5"}
,"/Users/alex/Documents/Developing/Personal/dev_blog_2/src/templates/tags-list-template.js": {"path":"/Users/alex/Documents/Developing/Personal/dev_blog_2/src/templates/tags-list-template.js","statementMap":{"0":{"start":{"line":10,"column":25},"end":{"line":30,"column":1}},"1":{"start":{"line":11,"column":30},"end":{"line":11,"column":47}},"2":{"start":{"line":12,"column":15},"end":{"line":12,"column":28}},"3":{"start":{"line":14,"column":2},"end":{"line":29,"column":4}},"4":{"start":{"line":20,"column":12},"end":{"line":24,"column":17}}},"fnMap":{"0":{"name":"(anonymous_0)","decl":{"start":{"line":10,"column":25},"end":{"line":10,"column":26}},"loc":{"start":{"line":10,"column":31},"end":{"line":30,"column":1}},"line":10},"1":{"name":"(anonymous_1)","decl":{"start":{"line":19,"column":20},"end":{"line":19,"column":21}},"loc":{"start":{"line":20,"column":12},"end":{"line":24,"column":17}},"line":20}},"branchMap":{},"s":{"0":1,"1":1,"2":1,"3":1,"4":2},"f":{"0":1,"1":2},"b":{},"_coverageSchema":"1a1c01bbd47fc00a2c39e90264f33305004495a9","hash":"83b4f68c96d4d5c9822c38eec19e4036e395b74f"}
,"/Users/alex/Documents/Developing/Personal/dev_blog_2/src/utils/get-contact-href.js": {"path":"/Users/alex/Documents/Developing/Personal/dev_blog_2/src/utils/get-contact-href.js","statementMap":{"0":{"start":{"line":2,"column":23},"end":{"line":54,"column":1}},"1":{"start":{"line":5,"column":2},"end":{"line":51,"column":3}},"2":{"start":{"line":7,"column":6},"end":{"line":7,"column":50}},"3":{"start":{"line":8,"column":6},"end":{"line":8,"column":12}},"4":{"start":{"line":10,"column":6},"end":{"line":10,"column":45}},"5":{"start":{"line":11,"column":6},"end":{"line":11,"column":12}},"6":{"start":{"line":13,"column":6},"end":{"line":13,"column":41}},"7":{"start":{"line":14,"column":6},"end":{"line":14,"column":12}},"8":{"start":{"line":16,"column":6},"end":{"line":16,"column":39}},"9":{"start":{"line":17,"column":6},"end":{"line":17,"column":12}},"10":{"start":{"line":19,"column":6},"end":{"line":19,"column":33}},"11":{"start":{"line":20,"column":6},"end":{"line":20,"column":12}},"12":{"start":{"line":22,"column":6},"end":{"line":22,"column":54}},"13":{"start":{"line":23,"column":6},"end":{"line":23,"column":12}},"14":{"start":{"line":25,"column":6},"end":{"line":25,"column":52}},"15":{"start":{"line":26,"column":6},"end":{"line":26,"column":12}},"16":{"start":{"line":28,"column":6},"end":{"line":28,"column":38}},"17":{"start":{"line":29,"column":6},"end":{"line":29,"column":12}},"18":{"start":{"line":31,"column":6},"end":{"line":31,"column":51}},"19":{"start":{"line":32,"column":6},"end":{"line":32,"column":12}},"20":{"start":{"line":34,"column":6},"end":{"line":34,"column":49}},"21":{"start":{"line":35,"column":6},"end":{"line":35,"column":12}},"22":{"start":{"line":37,"column":6},"end":{"line":37,"column":48}},"23":{"start":{"line":38,"column":6},"end":{"line":38,"column":12}},"24":{"start":{"line":40,"column":6},"end":{"line":40,"column":49}},"25":{"start":{"line":41,"column":6},"end":{"line":41,"column":12}},"26":{"start":{"line":43,"column":6},"end":{"line":43,"column":58}},"27":{"start":{"line":44,"column":6},"end":{"line":44,"column":12}},"28":{"start":{"line":46,"column":6},"end":{"line":46,"column":49}},"29":{"start":{"line":47,"column":6},"end":{"line":47,"column":12}},"30":{"start":{"line":49,"column":6},"end":{"line":49,"column":21}},"31":{"start":{"line":50,"column":6},"end":{"line":50,"column":12}},"32":{"start":{"line":53,"column":2},"end":{"line":53,"column":14}}},"fnMap":{"0":{"name":"(anonymous_0)","decl":{"start":{"line":2,"column":23},"end":{"line":2,"column":24}},"loc":{"start":{"line":2,"column":58},"end":{"line":54,"column":1}},"line":2}},"branchMap":{"0":{"loc":{"start":{"line":5,"column":2},"end":{"line":51,"column":3}},"type":"switch","locations":[{"start":{"line":6,"column":4},"end":{"line":8,"column":12}},{"start":{"line":9,"column":4},"end":{"line":11,"column":12}},{"start":{"line":12,"column":4},"end":{"line":14,"column":12}},{"start":{"line":15,"column":4},"end":{"line":17,"column":12}},{"start":{"line":18,"column":4},"end":{"line":20,"column":12}},{"start":{"line":21,"column":4},"end":{"line":23,"column":12}},{"start":{"line":24,"column":4},"end":{"line":26,"column":12}},{"start":{"line":27,"column":4},"end":{"line":29,"column":12}},{"start":{"line":30,"column":4},"end":{"line":32,"column":12}},{"start":{"line":33,"column":4},"end":{"line":35,"column":12}},{"start":{"line":36,"column":4},"end":{"line":38,"column":12}},{"start":{"line":39,"column":4},"end":{"line":41,"column":12}},{"start":{"line":42,"column":4},"end":{"line":44,"column":12}},{"start":{"line":45,"column":4},"end":{"line":47,"column":12}},{"start":{"line":48,"column":4},"end":{"line":50,"column":12}}],"line":5}},"s":{"0":13,"1":60,"2":13,"3":13,"4":10,"5":10,"6":9,"7":9,"8":9,"9":9,"10":9,"11":9,"12":1,"13":1,"14":0,"15":0,"16":0,"17":0,"18":0,"19":0,"20":0,"21":0,"22":0,"23":0,"24":0,"25":0,"26":0,"27":0,"28":0,"29":0,"30":9,"31":9,"32":60},"f":{"0":60},"b":{"0":[13,10,9,9,9,1,0,0,0,0,0,0,0,0,9]},"_coverageSchema":"1a1c01bbd47fc00a2c39e90264f33305004495a9","hash":"0c18881c883d09c6627f907f53d99ca58c3fe41e"}
,"/Users/alex/Documents/Developing/Personal/dev_blog_2/src/utils/get-icon.js": {"path":"/Users/alex/Documents/Developing/Personal/dev_blog_2/src/utils/get-icon.js","statementMap":{"0":{"start":{"line":4,"column":16},"end":{"line":59,"column":1}},"1":{"start":{"line":7,"column":2},"end":{"line":56,"column":3}},"2":{"start":{"line":9,"column":6},"end":{"line":9,"column":27}},"3":{"start":{"line":10,"column":6},"end":{"line":10,"column":12}},"4":{"start":{"line":12,"column":6},"end":{"line":12,"column":26}},"5":{"start":{"line":13,"column":6},"end":{"line":13,"column":12}},"6":{"start":{"line":15,"column":6},"end":{"line":15,"column":29}},"7":{"start":{"line":16,"column":6},"end":{"line":16,"column":12}},"8":{"start":{"line":18,"column":6},"end":{"line":18,"column":28}},"9":{"start":{"line":19,"column":6},"end":{"line":19,"column":12}},"10":{"start":{"line":21,"column":6},"end":{"line":21,"column":25}},"11":{"start":{"line":22,"column":6},"end":{"line":22,"column":12}},"12":{"start":{"line":24,"column":6},"end":{"line":24,"column":23}},"13":{"start":{"line":25,"column":6},"end":{"line":25,"column":12}},"14":{"start":{"line":27,"column":6},"end":{"line":27,"column":28}},"15":{"start":{"line":28,"column":6},"end":{"line":28,"column":12}},"16":{"start":{"line":30,"column":6},"end":{"line":30,"column":29}},"17":{"start":{"line":31,"column":6},"end":{"line":31,"column":12}},"18":{"start":{"line":33,"column":6},"end":{"line":33,"column":24}},"19":{"start":{"line":34,"column":6},"end":{"line":34,"column":12}},"20":{"start":{"line":36,"column":6},"end":{"line":36,"column":28}},"21":{"start":{"line":37,"column":6},"end":{"line":37,"column":12}},"22":{"start":{"line":39,"column":6},"end":{"line":39,"column":26}},"23":{"start":{"line":40,"column":6},"end":{"line":40,"column":12}},"24":{"start":{"line":42,"column":6},"end":{"line":42,"column":25}},"25":{"start":{"line":43,"column":6},"end":{"line":43,"column":12}},"26":{"start":{"line":45,"column":6},"end":{"line":45,"column":27}},"27":{"start":{"line":46,"column":6},"end":{"line":46,"column":12}},"28":{"start":{"line":48,"column":6},"end":{"line":48,"column":27}},"29":{"start":{"line":49,"column":6},"end":{"line":49,"column":12}},"30":{"start":{"line":51,"column":6},"end":{"line":51,"column":30}},"31":{"start":{"line":52,"column":6},"end":{"line":52,"column":12}},"32":{"start":{"line":54,"column":6},"end":{"line":54,"column":16}},"33":{"start":{"line":55,"column":6},"end":{"line":55,"column":12}},"34":{"start":{"line":58,"column":2},"end":{"line":58,"column":14}}},"fnMap":{"0":{"name":"(anonymous_0)","decl":{"start":{"line":4,"column":16},"end":{"line":4,"column":17}},"loc":{"start":{"line":4,"column":34},"end":{"line":59,"column":1}},"line":4}},"branchMap":{"0":{"loc":{"start":{"line":7,"column":2},"end":{"line":56,"column":3}},"type":"switch","locations":[{"start":{"line":8,"column":4},"end":{"line":10,"column":12}},{"start":{"line":11,"column":4},"end":{"line":13,"column":12}},{"start":{"line":14,"column":4},"end":{"line":16,"column":12}},{"start":{"line":17,"column":4},"end":{"line":19,"column":12}},{"start":{"line":20,"column":4},"end":{"line":22,"column":12}},{"start":{"line":23,"column":4},"end":{"line":25,"column":12}},{"start":{"line":26,"column":4},"end":{"line":28,"column":12}},{"start":{"line":29,"column":4},"end":{"line":31,"column":12}},{"start":{"line":32,"column":4},"end":{"line":34,"column":12}},{"start":{"line":35,"column":4},"end":{"line":37,"column":12}},{"start":{"line":38,"column":4},"end":{"line":40,"column":12}},{"start":{"line":41,"column":4},"end":{"line":43,"column":12}},{"start":{"line":44,"column":4},"end":{"line":46,"column":12}},{"start":{"line":47,"column":4},"end":{"line":49,"column":12}},{"start":{"line":50,"column":4},"end":{"line":52,"column":12}},{"start":{"line":53,"column":4},"end":{"line":55,"column":12}}],"line":7}},"s":{"0":13,"1":57,"2":10,"3":10,"4":10,"5":10,"6":9,"7":9,"8":9,"9":9,"10":9,"11":9,"12":9,"13":9,"14":1,"15":1,"16":0,"17":0,"18":0,"19":0,"20":0,"21":0,"22":0,"23":0,"24":0,"25":0,"26":0,"27":0,"28":0,"29":0,"30":0,"31":0,"32":0,"33":0,"34":57},"f":{"0":57},"b":{"0":[10,10,9,9,9,9,1,0,0,0,0,0,0,0,0,0]},"_coverageSchema":"1a1c01bbd47fc00a2c39e90264f33305004495a9","hash":"abeab16609b78af1789d4ac286b432ad30e0bbdd"}
,"/Users/alex/Documents/Developing/Personal/dev_blog_2/src/utils/index.js": {"path":"/Users/alex/Documents/Developing/Personal/dev_blog_2/src/utils/index.js","statementMap":{},"fnMap":{},"branchMap":{},"s":{},"f":{},"b":{},"_coverageSchema":"1a1c01bbd47fc00a2c39e90264f33305004495a9","hash":"a87fcc4316072011121c1fa2af55086657903a2d"}
}
