TN:
SF:jest/__fixtures__/all-markdown-remark.js
FNF:0
FNH:0
DA:3,5
LF:1
LH:1
BRF:0
BRH:0
end_of_record
TN:
SF:jest/__fixtures__/markdown-remark.js
FNF:0
FNH:0
DA:3,2
LF:1
LH:1
BRF:0
BRH:0
end_of_record
TN:
SF:jest/__fixtures__/page-context.js
FNF:0
FNH:0
DA:3,3
LF:1
LH:1
BRF:0
BRH:0
end_of_record
TN:
SF:jest/__fixtures__/site-metadata.js
FNF:0
FNH:0
DA:3,13
LF:1
LH:1
BRF:0
BRH:0
end_of_record
TN:
SF:src/components/Feed/Feed.js
FN:12,(anonymous_0)
FN:14,(anonymous_1)
FNF:2
FNH:2
FNDA:4,(anonymous_0)
FNDA:8,(anonymous_1)
DA:12,4
DA:13,4
DA:15,8
LF:3
LH:3
BRF:0
BRH:0
end_of_record
TN:
SF:src/components/Feed/index.js
FNF:0
FNH:0
LF:0
LH:0
BRF:0
BRH:0
end_of_record
TN:
SF:src/components/Icon/Icon.js
FN:13,(anonymous_0)
FNF:1
FNH:1
FNDA:55,(anonymous_0)
DA:13,10
DA:14,55
LF:2
LH:2
BRF:0
BRH:0
end_of_record
TN:
SF:src/components/Icon/index.js
FNF:0
FNH:0
LF:0
LH:0
BRF:0
BRH:0
end_of_record
TN:
SF:src/components/Layout/Layout.js
FN:16,(anonymous_0)
FNF:1
FNH:1
FNDA:9,(anonymous_0)
DA:16,9
DA:22,9
DA:23,9
DA:24,9
DA:26,9
LF:5
LH:5
BRDA:23,0,0,0
BRDA:23,0,1,9
BRF:2
BRH:1
end_of_record
TN:
SF:src/components/Layout/index.js
FNF:0
FNH:0
LF:0
LH:0
BRF:0
BRH:0
end_of_record
TN:
SF:src/components/Page/Page.js
FN:9,(anonymous_0)
FN:12,(anonymous_1)
FNF:2
FNH:1
FNDA:8,(anonymous_0)
FNDA:0,(anonymous_1)
DA:9,8
DA:10,8
DA:12,8
DA:13,0
DA:16,8
LF:5
LH:4
BRDA:19,0,0,8
BRDA:19,0,1,7
BRF:2
BRH:2
end_of_record
TN:
SF:src/components/Page/index.js
FNF:0
FNH:0
LF:0
LH:0
BRF:0
BRH:0
end_of_record
TN:
SF:src/components/Pagination/Pagination.js
FN:17,(anonymous_0)
FNF:1
FNH:1
FNDA:4,(anonymous_0)
DA:15,4
DA:17,4
DA:23,4
DA:28,4
DA:33,4
LF:5
LH:5
BRDA:36,0,0,4
BRDA:36,0,1,0
BRDA:39,1,0,4
BRDA:39,1,1,0
BRF:4
BRH:2
end_of_record
TN:
SF:src/components/Pagination/index.js
FNF:0
FNH:0
LF:0
LH:0
BRF:0
BRH:0
end_of_record
TN:
SF:src/components/Post/Post.js
FN:16,(anonymous_0)
FNF:1
FNH:1
FNDA:2,(anonymous_0)
DA:16,2
DA:17,2
DA:18,2
DA:19,2
DA:21,2
LF:5
LH:5
BRDA:31,0,0,2
BRDA:31,0,1,2
BRDA:31,0,2,2
BRF:3
BRH:3
end_of_record
TN:
SF:src/components/Post/index.js
FNF:0
FNH:0
LF:0
LH:0
BRF:0
BRH:0
end_of_record
TN:
SF:src/components/Post/Author/Author.js
FN:7,(anonymous_0)
FNF:1
FNH:1
FNDA:3,(anonymous_0)
DA:7,3
DA:8,3
DA:10,3
LF:3
LH:3
BRF:0
BRH:0
end_of_record
TN:
SF:src/components/Post/Author/index.js
FNF:0
FNH:0
LF:0
LH:0
BRF:0
BRH:0
end_of_record
TN:
SF:src/components/Post/Comments/Comments.js
FN:11,(anonymous_0)
FNF:1
FNH:1
FNDA:3,(anonymous_0)
DA:11,3
DA:12,3
DA:14,3
DA:15,3
DA:18,0
LF:5
LH:4
BRDA:14,0,0,3
BRDA:14,0,1,0
BRF:2
BRH:1
end_of_record
TN:
SF:src/components/Post/Comments/index.js
FNF:0
FNH:0
LF:0
LH:0
BRF:0
BRH:0
end_of_record
TN:
SF:src/components/Post/Content/Content.js
FN:10,(anonymous_0)
FNF:1
FNH:1
FNDA:3,(anonymous_0)
DA:10,3
DA:11,3
LF:2
LH:2
BRF:0
BRH:0
end_of_record
TN:
SF:src/components/Post/Content/index.js
FNF:0
FNH:0
LF:0
LH:0
BRF:0
BRH:0
end_of_record
TN:
SF:src/components/Post/Meta/Meta.js
FN:10,(anonymous_0)
FNF:1
FNH:1
FNDA:3,(anonymous_0)
DA:10,3
DA:11,3
LF:2
LH:2
BRF:0
BRH:0
end_of_record
TN:
SF:src/components/Post/Meta/index.js
FNF:0
FNH:0
LF:0
LH:0
BRF:0
BRH:0
end_of_record
TN:
SF:src/components/Post/Tags/Tags.js
FN:11,(anonymous_0)
FN:14,(anonymous_1)
FNF:2
FNH:2
FNDA:3,(anonymous_0)
FNDA:6,(anonymous_1)
DA:11,3
DA:12,3
DA:15,6
LF:3
LH:3
BRDA:14,0,0,3
BRDA:14,0,1,3
BRF:2
BRH:2
end_of_record
TN:
SF:src/components/Post/Tags/index.js
FNF:0
FNH:0
LF:0
LH:0
BRF:0
BRH:0
end_of_record
TN:
SF:src/components/Sidebar/Sidebar.js
FN:14,(anonymous_0)
FNF:1
FNH:1
FNDA:8,(anonymous_0)
DA:14,8
DA:15,8
DA:17,8
LF:3
LH:3
BRF:0
BRH:0
end_of_record
TN:
SF:src/components/Sidebar/index.js
FNF:0
FNH:0
LF:0
LH:0
BRF:0
BRH:0
end_of_record
TN:
SF:src/components/Sidebar/Author/Author.js
FN:15,(anonymous_0)
FNF:1
FNH:1
FNDA:9,(anonymous_0)
DA:15,9
DA:16,9
LF:2
LH:2
BRDA:27,0,0,2
BRDA:27,0,1,7
BRF:2
BRH:2
end_of_record
TN:
SF:src/components/Sidebar/Author/index.js
FNF:0
FNH:0
LF:0
LH:0
BRF:0
BRH:0
end_of_record
TN:
SF:src/components/Sidebar/Contacts/Contacts.js
FN:13,(anonymous_0)
FN:16,(anonymous_1)
FNF:2
FNH:2
FNDA:9,(anonymous_0)
FNDA:54,(anonymous_1)
DA:13,9
DA:14,9
DA:16,54
LF:3
LH:3
BRDA:16,0,0,0
BRDA:16,0,1,54
BRF:2
BRH:1
end_of_record
TN:
SF:src/components/Sidebar/Contacts/index.js
FNF:0
FNH:0
LF:0
LH:0
BRF:0
BRH:0
end_of_record
TN:
SF:src/components/Sidebar/Copyright/Copyright.js
FN:9,(anonymous_0)
FNF:1
FNH:1
FNDA:9,(anonymous_0)
DA:9,9
DA:10,9
LF:2
LH:2
BRF:0
BRH:0
end_of_record
TN:
SF:src/components/Sidebar/Copyright/index.js
FNF:0
FNH:0
LF:0
LH:0
BRF:0
BRH:0
end_of_record
TN:
SF:src/components/Sidebar/Menu/Menu.js
FN:13,(anonymous_0)
FN:16,(anonymous_1)
FNF:2
FNH:2
FNDA:9,(anonymous_0)
FNDA:26,(anonymous_1)
DA:13,9
DA:14,9
DA:17,26
LF:3
LH:3
BRF:0
BRH:0
end_of_record
TN:
SF:src/components/Sidebar/Menu/index.js
FNF:0
FNH:0
LF:0
LH:0
BRF:0
BRH:0
end_of_record
TN:
SF:src/constants/icons.js
FNF:0
FNH:0
DA:2,14
LF:1
LH:1
BRF:0
BRH:0
end_of_record
TN:
SF:src/constants/index.js
FNF:0
FNH:0
LF:0
LH:0
BRF:0
BRH:0
end_of_record
TN:
SF:src/constants/pagination.js
FNF:0
FNH:0
DA:2,14
LF:1
LH:1
BRF:0
BRH:0
end_of_record
TN:
SF:src/hooks/index.js
FNF:0
FNH:0
LF:0
LH:0
BRF:0
BRH:0
end_of_record
TN:
SF:src/hooks/use-categories-list.js
FN:4,(anonymous_0)
FNF:1
FNH:1
FNDA:1,(anonymous_0)
DA:4,13
DA:5,1
DA:20,1
LF:3
LH:3
BRF:0
BRH:0
end_of_record
TN:
SF:src/hooks/use-site-metadata.js
FN:4,(anonymous_0)
FNF:1
FNH:1
FNDA:31,(anonymous_0)
DA:4,13
DA:5,31
DA:35,31
LF:3
LH:3
BRF:0
BRH:0
end_of_record
TN:
SF:src/hooks/use-tags-list.js
FN:4,(anonymous_0)
FNF:1
FNH:1
FNDA:1,(anonymous_0)
DA:4,13
DA:5,1
DA:20,1
LF:3
LH:3
BRF:0
BRH:0
end_of_record
TN:
SF:src/templates/categories-list-template.js
FN:10,(anonymous_0)
FN:19,(anonymous_1)
FNF:2
FNH:2
FNDA:1,(anonymous_0)
FNDA:2,(anonymous_1)
DA:10,1
DA:11,1
DA:12,1
DA:14,1
DA:20,2
LF:5
LH:5
BRF:0
BRH:0
end_of_record
TN:
SF:src/templates/category-template.js
FN:17,(anonymous_0)
FNF:1
FNH:1
FNDA:1,(anonymous_0)
DA:17,1
DA:18,1
DA:27,1
DA:29,1
DA:30,1
DA:32,1
DA:48,1
LF:7
LH:7
BRDA:30,0,0,1
BRDA:30,0,1,0
BRF:2
BRH:1
end_of_record
TN:
SF:src/templates/index-template.js
FN:17,(anonymous_0)
FNF:1
FNH:1
FNDA:1,(anonymous_0)
DA:17,1
DA:18,1
DA:26,1
DA:28,1
DA:29,1
DA:31,1
DA:47,1
LF:7
LH:7
BRDA:29,0,0,1
BRDA:29,0,1,0
BRF:2
BRH:1
end_of_record
TN:
SF:src/templates/not-found-template.js
FN:8,(anonymous_0)
FNF:1
FNH:1
FNDA:1,(anonymous_0)
DA:8,1
DA:9,1
DA:11,1
LF:3
LH:3
BRF:0
BRH:0
end_of_record
TN:
SF:src/templates/page-template.js
FN:16,(anonymous_0)
FNF:1
FNH:1
FNDA:1,(anonymous_0)
DA:16,1
DA:17,1
DA:18,1
DA:19,1
DA:20,1
DA:21,1
DA:23,1
DA:33,1
LF:8
LH:8
BRDA:21,0,0,1
BRDA:21,0,1,0
BRF:2
BRH:1
end_of_record
TN:
SF:src/templates/post-template.js
FN:15,(anonymous_0)
FNF:1
FNH:1
FNDA:1,(anonymous_0)
DA:15,1
DA:16,1
DA:17,1
DA:18,1
DA:19,1
DA:21,1
DA:28,1
LF:7
LH:7
BRDA:19,0,0,1
BRDA:19,0,1,0
BRF:2
BRH:1
end_of_record
TN:
SF:src/templates/tag-template.js
FN:17,(anonymous_0)
FNF:1
FNH:1
FNDA:1,(anonymous_0)
DA:17,1
DA:18,1
DA:27,1
DA:29,1
DA:30,1
DA:32,1
DA:48,1
LF:7
LH:7
BRDA:30,0,0,1
BRDA:30,0,1,0
BRF:2
BRH:1
end_of_record
TN:
SF:src/templates/tags-list-template.js
FN:10,(anonymous_0)
FN:19,(anonymous_1)
FNF:2
FNH:2
FNDA:1,(anonymous_0)
FNDA:2,(anonymous_1)
DA:10,1
DA:11,1
DA:12,1
DA:14,1
DA:20,2
LF:5
LH:5
BRF:0
BRH:0
end_of_record
TN:
SF:src/utils/get-contact-href.js
FN:2,(anonymous_0)
FNF:1
FNH:1
FNDA:60,(anonymous_0)
DA:2,13
DA:5,60
DA:7,13
DA:8,13
DA:10,10
DA:11,10
DA:13,9
DA:14,9
DA:16,9
DA:17,9
DA:19,9
DA:20,9
DA:22,1
DA:23,1
DA:25,0
DA:26,0
DA:28,0
DA:29,0
DA:31,0
DA:32,0
DA:34,0
DA:35,0
DA:37,0
DA:38,0
DA:40,0
DA:41,0
DA:43,0
DA:44,0
DA:46,0
DA:47,0
DA:49,9
DA:50,9
DA:53,60
LF:33
LH:17
BRDA:5,0,0,13
BRDA:5,0,1,10
BRDA:5,0,2,9
BRDA:5,0,3,9
BRDA:5,0,4,9
BRDA:5,0,5,1
BRDA:5,0,6,0
BRDA:5,0,7,0
BRDA:5,0,8,0
BRDA:5,0,9,0
BRDA:5,0,10,0
BRDA:5,0,11,0
BRDA:5,0,12,0
BRDA:5,0,13,0
BRDA:5,0,14,9
BRF:15
BRH:7
end_of_record
TN:
SF:src/utils/get-icon.js
FN:4,(anonymous_0)
FNF:1
FNH:1
FNDA:57,(anonymous_0)
DA:4,13
DA:7,57
DA:9,10
DA:10,10
DA:12,10
DA:13,10
DA:15,9
DA:16,9
DA:18,9
DA:19,9
DA:21,9
DA:22,9
DA:24,9
DA:25,9
DA:27,1
DA:28,1
DA:30,0
DA:31,0
DA:33,0
DA:34,0
DA:36,0
DA:37,0
DA:39,0
DA:40,0
DA:42,0
DA:43,0
DA:45,0
DA:46,0
DA:48,0
DA:49,0
DA:51,0
DA:52,0
DA:54,0
DA:55,0
DA:58,57
LF:35
LH:17
BRDA:7,0,0,10
BRDA:7,0,1,10
BRDA:7,0,2,9
BRDA:7,0,3,9
BRDA:7,0,4,9
BRDA:7,0,5,9
BRDA:7,0,6,1
BRDA:7,0,7,0
BRDA:7,0,8,0
BRDA:7,0,9,0
BRDA:7,0,10,0
BRDA:7,0,11,0
BRDA:7,0,12,0
BRDA:7,0,13,0
BRDA:7,0,14,0
BRDA:7,0,15,0
BRF:16
BRH:7
end_of_record
TN:
SF:src/utils/index.js
FNF:0
FNH:0
LF:0
LH:0
BRF:0
BRH:0
end_of_record
